/*C8*/SET SCHEMA PUBLIC
DROP TABLE dvds if exists
DISCONNECT
/*C9*/SET SCHEMA PUBLIC
DROP TABLE directors if exists
DISCONNECT
/*C10*/SET SCHEMA PUBLIC
CREATE TABLE directors (id INTEGER GENERATED BY DEFAULT AS IDENTITY(START WITH 1),name VARCHAR(255),PRIMARY KEY(id))
DISCONNECT
/*C11*/SET SCHEMA PUBLIC
CREATE TABLE dvds (id INTEGER GENERATED BY DEFAULT AS IDENTITY(START WITH 1),title VARCHAR(255),year INTEGER NOT NULL,duration INTEGER NOT NULL, director_id INTEGER NOT NULL, FOREIGN KEY (director_id) REFERENCES directors(id))
DISCONNECT
/*C12*/SET SCHEMA PUBLIC
DISCONNECT
/*C13*/SET SCHEMA PUBLIC
INSERT INTO DIRECTORS VALUES(1,'test')
COMMIT
DISCONNECT
/*C14*/SET SCHEMA PUBLIC
DISCONNECT
/*C15*/SET SCHEMA PUBLIC
INSERT INTO DVDS VALUES(1,'test1',1234,1,1)
COMMIT
DISCONNECT
/*C16*/SET SCHEMA PUBLIC
DISCONNECT
